<?xml version="1.0" encoding="UTF-8"?>
<!-- Generated by org.testng.reporters.JUnitReportReporter -->
<testsuite hostname="ATMECSINLT-038" failures="0" tests="114" name="com.atmecs.testScripts.HomePagetestscripts" time="20.627" errors="2" timestamp="03 Oct 2019 06:00:56 GMT" skipped="67">
  <testcase classname="com.atmecs.testScripts.HomePagetestscripts" name="tearDown" time="4.011">
    <error message="java.net.ConnectException: Failed to connect to localhost/0:0:0:0:0:0:0:1:29580
Build info: version: &#039;3.141.59&#039;, revision: &#039;e82be7d358&#039;, time: &#039;2018-11-14T08:17:03&#039;
System info: host: &#039;ATMECSINLT-038&#039;, ip: &#039;55.55.52.193&#039;, os.name: &#039;Windows 10&#039;, os.arch: &#039;amd64&#039;, os.version: &#039;10.0&#039;, java.version: &#039;12.0.1&#039;
Driver info: driver.version: RemoteWebDriver" type="org.openqa.selenium.WebDriverException">
      <![CDATA[org.openqa.selenium.WebDriverException: java.net.ConnectException: Failed to connect to localhost/0:0:0:0:0:0:0:1:29580
Build info: version: '3.141.59', revision: 'e82be7d358', time: '2018-11-14T08:17:03'
System info: host: 'ATMECSINLT-038', ip: '55.55.52.193', os.name: 'Windows 10', os.arch: 'amd64', os.version: '10.0', java.version: '12.0.1'
Driver info: driver.version: RemoteWebDriver
at org.openqa.selenium.remote.service.DriverCommandExecutor.execute(DriverCommandExecutor.java:92)
at org.openqa.selenium.remote.RemoteWebDriver.execute(RemoteWebDriver.java:552)
at org.openqa.selenium.remote.RemoteWebDriver.execute(RemoteWebDriver.java:609)
at org.openqa.selenium.remote.RemoteWebDriver.getScreenshotAs(RemoteWebDriver.java:295)
at com.atmecs.extentReports.ExtentReport.getScreenshot(ExtentReport.java:52)
at com.atmecs.extentReports.ExtentReport.tearDown(ExtentReport.java:73)
at jdk.internal.reflect.GeneratedMethodAccessor2.invoke(Unknown Source)
at java.base/jdk.internal.reflect.DelegatingMethodAccessorImpl.invoke(DelegatingMethodAccessorImpl.java:43)
at java.base/java.lang.reflect.Method.invoke(Method.java:567)
at org.testng.internal.MethodInvocationHelper.invokeMethod(MethodInvocationHelper.java:124)
at org.testng.internal.MethodInvocationHelper.invokeMethodConsideringTimeout(MethodInvocationHelper.java:59)
at org.testng.internal.Invoker.invokeConfigurationMethod(Invoker.java:458)
at org.testng.internal.Invoker.invokeConfigurations(Invoker.java:222)
at org.testng.internal.Invoker.invokeMethod(Invoker.java:646)
at org.testng.internal.Invoker.invokeTestMethod(Invoker.java:719)
at org.testng.internal.Invoker.invokeTestMethods(Invoker.java:989)
at org.testng.internal.TestMethodWorker.invokeTestMethods(TestMethodWorker.java:125)
at org.testng.internal.TestMethodWorker.run(TestMethodWorker.java:109)
at org.testng.TestRunner.privateRun(TestRunner.java:648)
at org.testng.TestRunner.run(TestRunner.java:505)
at org.testng.SuiteRunner.runTest(SuiteRunner.java:455)
at org.testng.SuiteRunner.access$000(SuiteRunner.java:40)
at org.testng.SuiteRunner$SuiteWorker.run(SuiteRunner.java:489)
at org.testng.internal.thread.ThreadUtil$1.call(ThreadUtil.java:52)
at java.base/java.util.concurrent.FutureTask.run(FutureTask.java:264)
at java.base/java.util.concurrent.ThreadPoolExecutor.runWorker(ThreadPoolExecutor.java:1128)
at java.base/java.util.concurrent.ThreadPoolExecutor$Worker.run(ThreadPoolExecutor.java:628)
at java.base/java.lang.Thread.run(Thread.java:835)
Caused by: java.net.ConnectException: Failed to connect to localhost/0:0:0:0:0:0:0:1:29580
at okhttp3.internal.connection.RealConnection.connectSocket(RealConnection.java:247)
at okhttp3.internal.connection.RealConnection.connect(RealConnection.java:165)
at okhttp3.internal.connection.StreamAllocation.findConnection(StreamAllocation.java:257)
at okhttp3.internal.connection.StreamAllocation.findHealthyConnection(StreamAllocation.java:135)
at okhttp3.internal.connection.StreamAllocation.newStream(StreamAllocation.java:114)
at okhttp3.internal.connection.ConnectInterceptor.intercept(ConnectInterceptor.java:42)
at okhttp3.internal.http.RealInterceptorChain.proceed(RealInterceptorChain.java:147)
at okhttp3.internal.http.RealInterceptorChain.proceed(RealInterceptorChain.java:121)
at okhttp3.internal.cache.CacheInterceptor.intercept(CacheInterceptor.java:93)
at okhttp3.internal.http.RealInterceptorChain.proceed(RealInterceptorChain.java:147)
at okhttp3.internal.http.RealInterceptorChain.proceed(RealInterceptorChain.java:121)
at okhttp3.internal.http.BridgeInterceptor.intercept(BridgeInterceptor.java:93)
at okhttp3.internal.http.RealInterceptorChain.proceed(RealInterceptorChain.java:147)
at okhttp3.internal.http.RetryAndFollowUpInterceptor.intercept(RetryAndFollowUpInterceptor.java:126)
at okhttp3.internal.http.RealInterceptorChain.proceed(RealInterceptorChain.java:147)
at okhttp3.internal.http.RealInterceptorChain.proceed(RealInterceptorChain.java:121)
at okhttp3.RealCall.getResponseWithInterceptorChain(RealCall.java:200)
at okhttp3.RealCall.execute(RealCall.java:77)
at org.openqa.selenium.remote.internal.OkHttpClient.execute(OkHttpClient.java:103)
at org.openqa.selenium.remote.HttpCommandExecutor.execute(HttpCommandExecutor.java:155)
at org.openqa.selenium.remote.service.DriverCommandExecutor.execute(DriverCommandExecutor.java:83)
... 27 more
Caused by: java.net.ConnectException: Connection refused: connect
at java.base/java.net.PlainSocketImpl.waitForConnect(Native Method)
at java.base/java.net.PlainSocketImpl.socketConnect(PlainSocketImpl.java:107)
at java.base/java.net.AbstractPlainSocketImpl.doConnect(AbstractPlainSocketImpl.java:399)
at java.base/java.net.AbstractPlainSocketImpl.connectToAddress(AbstractPlainSocketImpl.java:242)
at java.base/java.net.AbstractPlainSocketImpl.connect(AbstractPlainSocketImpl.java:224)
at java.base/java.net.SocksSocketImpl.connect(SocksSocketImpl.java:403)
at java.base/java.net.Socket.connect(Socket.java:591)
at okhttp3.internal.platform.Platform.connectSocket(Platform.java:129)
at okhttp3.internal.connection.RealConnection.connectSocket(RealConnection.java:245)
... 47 more
]]>
    </error>
  </testcase> <!-- tearDown -->
  <testcase classname="com.atmecs.testScripts.HomePagetestscripts" name="homePageRedirection" time="0.064"/>
  <testcase classname="com.atmecs.testScripts.HomePagetestscripts" name="clickHeaderServices" time="4.806"/>
  <testcase classname="com.atmecs.testScripts.HomePagetestscripts" name="validatefooterForServices" time="0.090"/>
  <testcase classname="com.atmecs.testScripts.HomePagetestscripts" name="validatefooterForServices" time="0.091"/>
  <testcase classname="com.atmecs.testScripts.HomePagetestscripts" name="validatefooterForServices" time="0.088"/>
  <testcase classname="com.atmecs.testScripts.HomePagetestscripts" name="validatefooterForServices" time="0.083"/>
  <testcase classname="com.atmecs.testScripts.HomePagetestscripts" name="validatefooterForServices" time="0.102"/>
  <testcase classname="com.atmecs.testScripts.HomePagetestscripts" name="validatefooterForServices" time="0.000"/>
  <testcase classname="com.atmecs.testScripts.HomePagetestscripts" name="validatefooterForServices" time="0.102"/>
  <testcase classname="com.atmecs.testScripts.HomePagetestscripts" name="validatefooterForServices" time="0.471"/>
  <testcase classname="com.atmecs.testScripts.HomePagetestscripts" name="validatefooterForServices" time="0.091"/>
  <testcase classname="com.atmecs.testScripts.HomePagetestscripts" name="validatefooterForServices" time="0.075"/>
  <testcase classname="com.atmecs.testScripts.HomePagetestscripts" name="validatefooterForServices" time="0.501"/>
  <testcase classname="com.atmecs.testScripts.HomePagetestscripts" name="validatefooterForServices" time="0.525"/>
  <testcase classname="com.atmecs.testScripts.HomePagetestscripts" name="validatefooterForServices" time="0.097"/>
  <testcase classname="com.atmecs.testScripts.HomePagetestscripts" name="validatefooterForServices" time="0.504"/>
  <testcase classname="com.atmecs.testScripts.HomePagetestscripts" name="validatefooterForServices" time="0.500"/>
  <testcase classname="com.atmecs.testScripts.HomePagetestscripts" name="clickHeaderCareers" time="2.609"/>
  <testcase classname="com.atmecs.testScripts.HomePagetestscripts" name="validatefooterForCareers" time="0.069"/>
  <testcase classname="com.atmecs.testScripts.HomePagetestscripts" name="validatefooterForCareers" time="0.075"/>
  <testcase classname="com.atmecs.testScripts.HomePagetestscripts" name="validatefooterForCareers" time="0.148"/>
  <testcase classname="com.atmecs.testScripts.HomePagetestscripts" name="validatefooterForCareers" time="0.071"/>
  <testcase classname="com.atmecs.testScripts.HomePagetestscripts" name="validatefooterForCareers" time="0.068"/>
  <testcase classname="com.atmecs.testScripts.HomePagetestscripts" name="validatefooterForCareers" time="0.055"/>
  <testcase classname="com.atmecs.testScripts.HomePagetestscripts" name="validatefooterForCareers" time="0.060"/>
  <testcase classname="com.atmecs.testScripts.HomePagetestscripts" name="validatefooterForCareers" time="0.063"/>
  <testcase classname="com.atmecs.testScripts.HomePagetestscripts" name="validatefooterForCareers" time="0.056"/>
  <testcase classname="com.atmecs.testScripts.HomePagetestscripts" name="validatefooterForCareers" time="0.062"/>
  <testcase classname="com.atmecs.testScripts.HomePagetestscripts" name="validatefooterForCareers" time="0.072"/>
  <testcase classname="com.atmecs.testScripts.HomePagetestscripts" name="validatefooterForCareers" time="0.066"/>
  <testcase classname="com.atmecs.testScripts.HomePagetestscripts" name="validatefooterForCareers" time="0.060"/>
  <testcase classname="com.atmecs.testScripts.HomePagetestscripts" name="validatefooterForCareers" time="0.007"/>
  <testcase classname="com.atmecs.testScripts.HomePagetestscripts" name="validatefooterForCareers" time="0.075"/>
  <testcase classname="com.atmecs.testScripts.HomePagetestscripts" name="clickHeaderAboutUs" time="1.615"/>
  <testcase classname="com.atmecs.testScripts.HomePagetestscripts" name="validatefooterForAboutUs" time="0.000">
    <skipped/>
  </testcase> <!-- validatefooterForAboutUs -->
  <testcase classname="com.atmecs.testScripts.HomePagetestscripts" name="validatefooterForAboutUs" time="0.069"/>
  <testcase classname="com.atmecs.testScripts.HomePagetestscripts" name="validatefooterForAboutUs" time="0.347"/>
  <testcase classname="com.atmecs.testScripts.HomePagetestscripts" name="validatefooterForAboutUs" time="0.069"/>
  <testcase classname="com.atmecs.testScripts.HomePagetestscripts" name="validatefooterForAboutUs" time="0.000">
    <skipped/>
  </testcase> <!-- validatefooterForAboutUs -->
  <testcase classname="com.atmecs.testScripts.HomePagetestscripts" name="validatefooterForAboutUs" time="0.081"/>
  <testcase classname="com.atmecs.testScripts.HomePagetestscripts" name="validatefooterForAboutUs" time="0.387"/>
  <testcase classname="com.atmecs.testScripts.HomePagetestscripts" name="validatefooterForAboutUs" time="0.355"/>
  <testcase classname="com.atmecs.testScripts.HomePagetestscripts" name="validatefooterForAboutUs" time="0.381"/>
  <testcase classname="com.atmecs.testScripts.HomePagetestscripts" name="validatefooterForAboutUs" time="0.000">
    <skipped/>
  </testcase> <!-- validatefooterForAboutUs -->
  <testcase classname="com.atmecs.testScripts.HomePagetestscripts" name="validatefooterForAboutUs" time="0.403"/>
  <testcase classname="com.atmecs.testScripts.HomePagetestscripts" name="validatefooterForAboutUs" time="0.391"/>
  <testcase classname="com.atmecs.testScripts.HomePagetestscripts" name="validatefooterForAboutUs" time="0.157"/>
  <testcase classname="com.atmecs.testScripts.HomePagetestscripts" name="validatefooterForAboutUs" time="0.068"/>
  <testcase classname="com.atmecs.testScripts.HomePagetestscripts" name="validatefooterForAboutUs" time="0.486">
    <error message="invalid session id
Build info: version: &#039;3.141.59&#039;, revision: &#039;e82be7d358&#039;, time: &#039;2018-11-14T08:17:03&#039;
System info: host: &#039;ATMECSINLT-038&#039;, ip: &#039;55.55.52.193&#039;, os.name: &#039;Windows 10&#039;, os.arch: &#039;amd64&#039;, os.version: &#039;10.0&#039;, java.version: &#039;12.0.1&#039;
Driver info: org.openqa.selenium.chrome.ChromeDriver
Capabilities {acceptInsecureCerts: false, browserName: chrome, browserVersion: 77.0.3865.90, chrome: {chromedriverVersion: 77.0.3865.40 (f484704e052e0..., userDataDir: C:\Users\SAURAB~1.CHA\AppDa...}, goog:chromeOptions: {debuggerAddress: localhost:59450}, javascriptEnabled: true, networkConnectionEnabled: false, pageLoadStrategy: normal, platform: XP, platformName: XP, proxy: Proxy(), setWindowRect: true, strictFileInteractability: false, timeouts: {implicit: 0, pageLoad: 300000, script: 30000}, unhandledPromptBehavior: dismiss and notify}
Session ID: 4f19cca714f086d727893808b7f870df" type="org.openqa.selenium.NoSuchSessionException">
      <![CDATA[org.openqa.selenium.NoSuchSessionException: invalid session id
Build info: version: '3.141.59', revision: 'e82be7d358', time: '2018-11-14T08:17:03'
System info: host: 'ATMECSINLT-038', ip: '55.55.52.193', os.name: 'Windows 10', os.arch: 'amd64', os.version: '10.0', java.version: '12.0.1'
Driver info: org.openqa.selenium.chrome.ChromeDriver
Capabilities {acceptInsecureCerts: false, browserName: chrome, browserVersion: 77.0.3865.90, chrome: {chromedriverVersion: 77.0.3865.40 (f484704e052e0..., userDataDir: C:\Users\SAURAB~1.CHA\AppDa...}, goog:chromeOptions: {debuggerAddress: localhost:59450}, javascriptEnabled: true, networkConnectionEnabled: false, pageLoadStrategy: normal, platform: XP, platformName: XP, proxy: Proxy(), setWindowRect: true, strictFileInteractability: false, timeouts: {implicit: 0, pageLoad: 300000, script: 30000}, unhandledPromptBehavior: dismiss and notify}
Session ID: 4f19cca714f086d727893808b7f870df
at java.base/jdk.internal.reflect.NativeConstructorAccessorImpl.newInstance0(Native Method)
at java.base/jdk.internal.reflect.NativeConstructorAccessorImpl.newInstance(NativeConstructorAccessorImpl.java:62)
at java.base/jdk.internal.reflect.DelegatingConstructorAccessorImpl.newInstance(DelegatingConstructorAccessorImpl.java:45)
at java.base/java.lang.reflect.Constructor.newInstanceWithCaller(Constructor.java:500)
at java.base/java.lang.reflect.Constructor.newInstance(Constructor.java:481)
at org.openqa.selenium.remote.http.W3CHttpResponseCodec.createException(W3CHttpResponseCodec.java:187)
at org.openqa.selenium.remote.http.W3CHttpResponseCodec.decode(W3CHttpResponseCodec.java:122)
at org.openqa.selenium.remote.http.W3CHttpResponseCodec.decode(W3CHttpResponseCodec.java:49)
at org.openqa.selenium.remote.HttpCommandExecutor.execute(HttpCommandExecutor.java:158)
at org.openqa.selenium.remote.service.DriverCommandExecutor.execute(DriverCommandExecutor.java:83)
at org.openqa.selenium.remote.RemoteWebDriver.execute(RemoteWebDriver.java:552)
at org.openqa.selenium.remote.RemoteWebElement.execute(RemoteWebElement.java:285)
at org.openqa.selenium.remote.RemoteWebElement.getText(RemoteWebElement.java:166)
at com.atmecs.helpers.WebUtility.getElement(WebUtility.java:97)
at com.atmecs.pages.HomePage.isFooterItemsPresent(HomePage.java:38)
at com.atmecs.testScripts.HomePagetestscripts.validatefooterForAboutUs(HomePagetestscripts.java:96)
at java.base/jdk.internal.reflect.NativeMethodAccessorImpl.invoke0(Native Method)
at java.base/jdk.internal.reflect.NativeMethodAccessorImpl.invoke(NativeMethodAccessorImpl.java:62)
at java.base/jdk.internal.reflect.DelegatingMethodAccessorImpl.invoke(DelegatingMethodAccessorImpl.java:43)
at java.base/java.lang.reflect.Method.invoke(Method.java:567)
at org.testng.internal.MethodInvocationHelper.invokeMethod(MethodInvocationHelper.java:124)
at org.testng.internal.Invoker.invokeMethod(Invoker.java:583)
at org.testng.internal.Invoker.invokeTestMethod(Invoker.java:719)
at org.testng.internal.Invoker.invokeTestMethods(Invoker.java:989)
at org.testng.internal.TestMethodWorker.invokeTestMethods(TestMethodWorker.java:125)
at org.testng.internal.TestMethodWorker.run(TestMethodWorker.java:109)
at org.testng.TestRunner.privateRun(TestRunner.java:648)
at org.testng.TestRunner.run(TestRunner.java:505)
at org.testng.SuiteRunner.runTest(SuiteRunner.java:455)
at org.testng.SuiteRunner.access$000(SuiteRunner.java:40)
at org.testng.SuiteRunner$SuiteWorker.run(SuiteRunner.java:489)
at org.testng.internal.thread.ThreadUtil$1.call(ThreadUtil.java:52)
at java.base/java.util.concurrent.FutureTask.run(FutureTask.java:264)
at java.base/java.util.concurrent.ThreadPoolExecutor.runWorker(ThreadPoolExecutor.java:1128)
at java.base/java.util.concurrent.ThreadPoolExecutor$Worker.run(ThreadPoolExecutor.java:628)
at java.base/java.lang.Thread.run(Thread.java:835)
]]>
    </error>
  </testcase> <!-- validatefooterForAboutUs -->
  <testcase classname="com.atmecs.testScripts.HomePagetestscripts" name="clickHeaderPartners" time="0.001">
    <skipped/>
  </testcase> <!-- clickHeaderPartners -->
  <testcase classname="com.atmecs.testScripts.HomePagetestscripts" name="validatefooterForPartner" time="0.000">
    <skipped/>
  </testcase> <!-- validatefooterForPartner -->
  <testcase classname="com.atmecs.testScripts.HomePagetestscripts" name="validatefooterForPartner" time="0.000">
    <skipped/>
  </testcase> <!-- validatefooterForPartner -->
  <testcase classname="com.atmecs.testScripts.HomePagetestscripts" name="validatefooterForPartner" time="0.000">
    <skipped/>
  </testcase> <!-- validatefooterForPartner -->
  <testcase classname="com.atmecs.testScripts.HomePagetestscripts" name="validatefooterForPartner" time="0.000">
    <skipped/>
  </testcase> <!-- validatefooterForPartner -->
  <testcase classname="com.atmecs.testScripts.HomePagetestscripts" name="validatefooterForPartner" time="0.000">
    <skipped/>
  </testcase> <!-- validatefooterForPartner -->
  <testcase classname="com.atmecs.testScripts.HomePagetestscripts" name="validatefooterForPartner" time="0.000">
    <skipped/>
  </testcase> <!-- validatefooterForPartner -->
  <testcase classname="com.atmecs.testScripts.HomePagetestscripts" name="validatefooterForPartner" time="0.000">
    <skipped/>
  </testcase> <!-- validatefooterForPartner -->
  <testcase classname="com.atmecs.testScripts.HomePagetestscripts" name="validatefooterForPartner" time="0.000">
    <skipped/>
  </testcase> <!-- validatefooterForPartner -->
  <testcase classname="com.atmecs.testScripts.HomePagetestscripts" name="validatefooterForPartner" time="0.000">
    <skipped/>
  </testcase> <!-- validatefooterForPartner -->
  <testcase classname="com.atmecs.testScripts.HomePagetestscripts" name="validatefooterForPartner" time="0.000">
    <skipped/>
  </testcase> <!-- validatefooterForPartner -->
  <testcase classname="com.atmecs.testScripts.HomePagetestscripts" name="validatefooterForPartner" time="0.000">
    <skipped/>
  </testcase> <!-- validatefooterForPartner -->
  <testcase classname="com.atmecs.testScripts.HomePagetestscripts" name="validatefooterForPartner" time="0.000">
    <skipped/>
  </testcase> <!-- validatefooterForPartner -->
  <testcase classname="com.atmecs.testScripts.HomePagetestscripts" name="validatefooterForPartner" time="0.000">
    <skipped/>
  </testcase> <!-- validatefooterForPartner -->
  <testcase classname="com.atmecs.testScripts.HomePagetestscripts" name="validatefooterForPartner" time="0.000">
    <skipped/>
  </testcase> <!-- validatefooterForPartner -->
  <testcase classname="com.atmecs.testScripts.HomePagetestscripts" name="validatefooterForPartner" time="0.000">
    <skipped/>
  </testcase> <!-- validatefooterForPartner -->
  <testcase classname="com.atmecs.testScripts.HomePagetestscripts" name="clickHeaderMedia" time="0.000">
    <skipped/>
  </testcase> <!-- clickHeaderMedia -->
  <testcase classname="com.atmecs.testScripts.HomePagetestscripts" name="validatefooterForMedia" time="0.000">
    <skipped/>
  </testcase> <!-- validatefooterForMedia -->
  <testcase classname="com.atmecs.testScripts.HomePagetestscripts" name="validatefooterForMedia" time="0.000">
    <skipped/>
  </testcase> <!-- validatefooterForMedia -->
  <testcase classname="com.atmecs.testScripts.HomePagetestscripts" name="validatefooterForMedia" time="0.000">
    <skipped/>
  </testcase> <!-- validatefooterForMedia -->
  <testcase classname="com.atmecs.testScripts.HomePagetestscripts" name="validatefooterForMedia" time="0.000">
    <skipped/>
  </testcase> <!-- validatefooterForMedia -->
  <testcase classname="com.atmecs.testScripts.HomePagetestscripts" name="validatefooterForMedia" time="0.000">
    <skipped/>
  </testcase> <!-- validatefooterForMedia -->
  <testcase classname="com.atmecs.testScripts.HomePagetestscripts" name="validatefooterForMedia" time="0.000">
    <skipped/>
  </testcase> <!-- validatefooterForMedia -->
  <testcase classname="com.atmecs.testScripts.HomePagetestscripts" name="validatefooterForMedia" time="0.000">
    <skipped/>
  </testcase> <!-- validatefooterForMedia -->
  <testcase classname="com.atmecs.testScripts.HomePagetestscripts" name="validatefooterForMedia" time="0.000">
    <skipped/>
  </testcase> <!-- validatefooterForMedia -->
  <testcase classname="com.atmecs.testScripts.HomePagetestscripts" name="validatefooterForMedia" time="0.000">
    <skipped/>
  </testcase> <!-- validatefooterForMedia -->
  <testcase classname="com.atmecs.testScripts.HomePagetestscripts" name="validatefooterForMedia" time="0.000">
    <skipped/>
  </testcase> <!-- validatefooterForMedia -->
  <testcase classname="com.atmecs.testScripts.HomePagetestscripts" name="validatefooterForMedia" time="0.000">
    <skipped/>
  </testcase> <!-- validatefooterForMedia -->
  <testcase classname="com.atmecs.testScripts.HomePagetestscripts" name="validatefooterForMedia" time="0.000">
    <skipped/>
  </testcase> <!-- validatefooterForMedia -->
  <testcase classname="com.atmecs.testScripts.HomePagetestscripts" name="validatefooterForMedia" time="0.000">
    <skipped/>
  </testcase> <!-- validatefooterForMedia -->
  <testcase classname="com.atmecs.testScripts.HomePagetestscripts" name="validatefooterForMedia" time="0.000">
    <skipped/>
  </testcase> <!-- validatefooterForMedia -->
  <testcase classname="com.atmecs.testScripts.HomePagetestscripts" name="validatefooterForMedia" time="0.000">
    <skipped/>
  </testcase> <!-- validatefooterForMedia -->
  <testcase classname="com.atmecs.testScripts.HomePagetestscripts" name="clickContactUs" time="0.000">
    <skipped/>
  </testcase> <!-- clickContactUs -->
  <testcase classname="com.atmecs.testScripts.HomePagetestscripts" name="validatefooterForContacts" time="0.000">
    <skipped/>
  </testcase> <!-- validatefooterForContacts -->
  <testcase classname="com.atmecs.testScripts.HomePagetestscripts" name="validatefooterForContacts" time="0.000">
    <skipped/>
  </testcase> <!-- validatefooterForContacts -->
  <testcase classname="com.atmecs.testScripts.HomePagetestscripts" name="validatefooterForContacts" time="0.000">
    <skipped/>
  </testcase> <!-- validatefooterForContacts -->
  <testcase classname="com.atmecs.testScripts.HomePagetestscripts" name="validatefooterForContacts" time="0.000">
    <skipped/>
  </testcase> <!-- validatefooterForContacts -->
  <testcase classname="com.atmecs.testScripts.HomePagetestscripts" name="validatefooterForContacts" time="0.000">
    <skipped/>
  </testcase> <!-- validatefooterForContacts -->
  <testcase classname="com.atmecs.testScripts.HomePagetestscripts" name="validatefooterForContacts" time="0.000">
    <skipped/>
  </testcase> <!-- validatefooterForContacts -->
  <testcase classname="com.atmecs.testScripts.HomePagetestscripts" name="validatefooterForContacts" time="0.000">
    <skipped/>
  </testcase> <!-- validatefooterForContacts -->
  <testcase classname="com.atmecs.testScripts.HomePagetestscripts" name="validatefooterForContacts" time="0.000">
    <skipped/>
  </testcase> <!-- validatefooterForContacts -->
  <testcase classname="com.atmecs.testScripts.HomePagetestscripts" name="validatefooterForContacts" time="0.000">
    <skipped/>
  </testcase> <!-- validatefooterForContacts -->
  <testcase classname="com.atmecs.testScripts.HomePagetestscripts" name="validatefooterForContacts" time="0.000">
    <skipped/>
  </testcase> <!-- validatefooterForContacts -->
  <testcase classname="com.atmecs.testScripts.HomePagetestscripts" name="validatefooterForContacts" time="0.000">
    <skipped/>
  </testcase> <!-- validatefooterForContacts -->
  <testcase classname="com.atmecs.testScripts.HomePagetestscripts" name="validatefooterForContacts" time="0.000">
    <skipped/>
  </testcase> <!-- validatefooterForContacts -->
  <testcase classname="com.atmecs.testScripts.HomePagetestscripts" name="validatefooterForContacts" time="0.000">
    <skipped/>
  </testcase> <!-- validatefooterForContacts -->
  <testcase classname="com.atmecs.testScripts.HomePagetestscripts" name="validatefooterForContacts" time="0.000">
    <skipped/>
  </testcase> <!-- validatefooterForContacts -->
  <testcase classname="com.atmecs.testScripts.HomePagetestscripts" name="validatefooterForContacts" time="0.000">
    <skipped/>
  </testcase> <!-- validatefooterForContacts -->
  <testcase classname="com.atmecs.testScripts.HomePagetestscripts" name="clickInsights" time="0.000">
    <skipped/>
  </testcase> <!-- clickInsights -->
  <testcase classname="com.atmecs.testScripts.HomePagetestscripts" name="validatefooterForInsights" time="0.000">
    <skipped/>
  </testcase> <!-- validatefooterForInsights -->
  <testcase classname="com.atmecs.testScripts.HomePagetestscripts" name="validatefooterForInsights" time="0.000">
    <skipped/>
  </testcase> <!-- validatefooterForInsights -->
  <testcase classname="com.atmecs.testScripts.HomePagetestscripts" name="validatefooterForInsights" time="0.000">
    <skipped/>
  </testcase> <!-- validatefooterForInsights -->
  <testcase classname="com.atmecs.testScripts.HomePagetestscripts" name="validatefooterForInsights" time="0.000">
    <skipped/>
  </testcase> <!-- validatefooterForInsights -->
  <testcase classname="com.atmecs.testScripts.HomePagetestscripts" name="validatefooterForInsights" time="0.000">
    <skipped/>
  </testcase> <!-- validatefooterForInsights -->
  <testcase classname="com.atmecs.testScripts.HomePagetestscripts" name="validatefooterForInsights" time="0.000">
    <skipped/>
  </testcase> <!-- validatefooterForInsights -->
  <testcase classname="com.atmecs.testScripts.HomePagetestscripts" name="validatefooterForInsights" time="0.000">
    <skipped/>
  </testcase> <!-- validatefooterForInsights -->
  <testcase classname="com.atmecs.testScripts.HomePagetestscripts" name="validatefooterForInsights" time="0.000">
    <skipped/>
  </testcase> <!-- validatefooterForInsights -->
  <testcase classname="com.atmecs.testScripts.HomePagetestscripts" name="validatefooterForInsights" time="0.000">
    <skipped/>
  </testcase> <!-- validatefooterForInsights -->
  <testcase classname="com.atmecs.testScripts.HomePagetestscripts" name="validatefooterForInsights" time="0.000">
    <skipped/>
  </testcase> <!-- validatefooterForInsights -->
  <testcase classname="com.atmecs.testScripts.HomePagetestscripts" name="validatefooterForInsights" time="0.000">
    <skipped/>
  </testcase> <!-- validatefooterForInsights -->
  <testcase classname="com.atmecs.testScripts.HomePagetestscripts" name="validatefooterForInsights" time="0.000">
    <skipped/>
  </testcase> <!-- validatefooterForInsights -->
  <testcase classname="com.atmecs.testScripts.HomePagetestscripts" name="validatefooterForInsights" time="0.000">
    <skipped/>
  </testcase> <!-- validatefooterForInsights -->
  <testcase classname="com.atmecs.testScripts.HomePagetestscripts" name="validatefooterForInsights" time="0.000">
    <skipped/>
  </testcase> <!-- validatefooterForInsights -->
  <testcase classname="com.atmecs.testScripts.HomePagetestscripts" name="validatefooterForInsights" time="0.000">
    <skipped/>
  </testcase> <!-- validatefooterForInsights -->
</testsuite> <!-- com.atmecs.testScripts.HomePagetestscripts -->
