<?xml version="1.0" encoding="UTF-8"?>
<!-- Generated by org.testng.reporters.JUnitReportReporter -->
<testsuite hostname="ATMECSINLT-038" failures="0" tests="6" name="com.atmecs.testScripts.HomePageMoreInfotestscripts" time="62.479" errors="0" timestamp="03 Oct 2019 11:53:29 GMT" skipped="0">
  <testcase classname="com.atmecs.testScripts.HomePageMoreInfotestscripts" name="clickExplorenow" time="9.013"/>
  <testcase classname="com.atmecs.testScripts.HomePageMoreInfotestscripts" name="clickMoreInfo" time="12.774"/>
  <testcase classname="com.atmecs.testScripts.HomePageMoreInfotestscripts" name="clickMoreInfo" time="11.465"/>
  <testcase classname="com.atmecs.testScripts.HomePageMoreInfotestscripts" name="clickMoreInfo" time="6.998"/>
  <testcase classname="com.atmecs.testScripts.HomePageMoreInfotestscripts" name="clickMoreInfo" time="10.930"/>
  <testcase classname="com.atmecs.testScripts.HomePageMoreInfotestscripts" name="clickMoreInfo" time="11.299"/>
</testsuite> <!-- com.atmecs.testScripts.HomePageMoreInfotestscripts -->
