<?xml version="1.0" encoding="UTF-8"?>
<!-- Generated by org.testng.reporters.JUnitReportReporter -->
<testsuite hostname="ATMECSINLT-038" failures="2" tests="14" name="com.atmecs.testScripts.ValidateAnchors" time="11.395" errors="0" timestamp="01 Oct 2019 06:04:12 GMT" skipped="0">
  <testcase classname="com.atmecs.testScripts.ValidateAnchors" name="moveToDigitalLife" time="4.497"/>
  <testcase classname="com.atmecs.testScripts.ValidateAnchors" name="isDigitalLifeAnchorPresent" time="0.001"/>
  <testcase classname="com.atmecs.testScripts.ValidateAnchors" name="isDigitalLifeAnchorPresent" time="0.069"/>
  <testcase classname="com.atmecs.testScripts.ValidateAnchors" name="isDigitalLifeAnchorPresent" time="0.079"/>
  <testcase classname="com.atmecs.testScripts.ValidateAnchors" name="isDigitalLifeAnchorPresent" time="0.150"/>
  <testcase classname="com.atmecs.testScripts.ValidateAnchors" name="isDigitalLifeAnchorPresent" time="0.082"/>
  <testcase classname="com.atmecs.testScripts.ValidateAnchors" name="isDigitalLifeAnchorPresent" time="0.120">
    <failure message="footer is not present expected [Artificial Intelligence / Machine Learning] but found []" type="java.lang.AssertionError">
      <![CDATA[java.lang.AssertionError: footer is not present expected [Artificial Intelligence / Machine Learning] but found []
at org.testng.Assert.fail(Assert.java:96)
at org.testng.Assert.failNotEquals(Assert.java:776)
at org.testng.Assert.assertEqualsImpl(Assert.java:137)
at org.testng.Assert.assertEquals(Assert.java:118)
at org.testng.Assert.assertEquals(Assert.java:453)
at com.atmecs.pages.HomePage.ValidateAnchors(HomePage.java:54)
at com.atmecs.testScripts.ValidateAnchors.isDigitalLifeAnchorPresent(ValidateAnchors.java:37)
at java.base/jdk.internal.reflect.NativeMethodAccessorImpl.invoke0(Native Method)
at java.base/jdk.internal.reflect.NativeMethodAccessorImpl.invoke(NativeMethodAccessorImpl.java:62)
at java.base/jdk.internal.reflect.DelegatingMethodAccessorImpl.invoke(DelegatingMethodAccessorImpl.java:43)
at java.base/java.lang.reflect.Method.invoke(Method.java:567)
at org.testng.internal.MethodInvocationHelper.invokeMethod(MethodInvocationHelper.java:124)
at org.testng.internal.Invoker.invokeMethod(Invoker.java:583)
at org.testng.internal.Invoker.invokeTestMethod(Invoker.java:719)
at org.testng.internal.Invoker.invokeTestMethods(Invoker.java:989)
at org.testng.internal.TestMethodWorker.invokeTestMethods(TestMethodWorker.java:125)
at org.testng.internal.TestMethodWorker.run(TestMethodWorker.java:109)
at org.testng.TestRunner.privateRun(TestRunner.java:648)
at org.testng.TestRunner.run(TestRunner.java:505)
at org.testng.SuiteRunner.runTest(SuiteRunner.java:455)
at org.testng.SuiteRunner.runSequentially(SuiteRunner.java:450)
at org.testng.SuiteRunner.privateRun(SuiteRunner.java:415)
at org.testng.SuiteRunner.run(SuiteRunner.java:364)
at org.testng.SuiteRunnerWorker.runSuite(SuiteRunnerWorker.java:52)
at org.testng.SuiteRunnerWorker.run(SuiteRunnerWorker.java:84)
at org.testng.TestNG.runSuitesSequentially(TestNG.java:1208)
at org.testng.TestNG.runSuitesLocally(TestNG.java:1137)
at org.testng.TestNG.runSuites(TestNG.java:1049)
at org.testng.TestNG.run(TestNG.java:1017)
at org.apache.maven.surefire.testng.TestNGExecutor.run(TestNGExecutor.java:283)
at org.apache.maven.surefire.testng.TestNGXmlTestSuite.execute(TestNGXmlTestSuite.java:75)
at org.apache.maven.surefire.testng.TestNGProvider.invoke(TestNGProvider.java:120)
at org.apache.maven.surefire.booter.ForkedBooter.invokeProviderInSameClassLoader(ForkedBooter.java:384)
at org.apache.maven.surefire.booter.ForkedBooter.runSuitesInProcess(ForkedBooter.java:345)
at org.apache.maven.surefire.booter.ForkedBooter.execute(ForkedBooter.java:126)
at org.apache.maven.surefire.booter.ForkedBooter.main(ForkedBooter.java:418)
]]>
    </failure>
  </testcase> <!-- isDigitalLifeAnchorPresent -->
  <testcase classname="com.atmecs.testScripts.ValidateAnchors" name="moveToInfrastructure" time="4.406"/>
  <testcase classname="com.atmecs.testScripts.ValidateAnchors" name="isInfrastructureAnchorPresent" time="0.904"/>
  <testcase classname="com.atmecs.testScripts.ValidateAnchors" name="isInfrastructureAnchorPresent" time="0.064"/>
  <testcase classname="com.atmecs.testScripts.ValidateAnchors" name="isInfrastructureAnchorPresent" time="0.063"/>
  <testcase classname="com.atmecs.testScripts.ValidateAnchors" name="isInfrastructureAnchorPresent" time="0.077">
    <failure message="footer is not present expected [Infrastructure Management] but found []" type="java.lang.AssertionError">
      <![CDATA[java.lang.AssertionError: footer is not present expected [Infrastructure Management] but found []
at org.testng.Assert.fail(Assert.java:96)
at org.testng.Assert.failNotEquals(Assert.java:776)
at org.testng.Assert.assertEqualsImpl(Assert.java:137)
at org.testng.Assert.assertEquals(Assert.java:118)
at org.testng.Assert.assertEquals(Assert.java:453)
at com.atmecs.pages.HomePage.ValidateAnchors(HomePage.java:54)
at com.atmecs.testScripts.ValidateAnchors.isInfrastructureAnchorPresent(ValidateAnchors.java:44)
at java.base/jdk.internal.reflect.NativeMethodAccessorImpl.invoke0(Native Method)
at java.base/jdk.internal.reflect.NativeMethodAccessorImpl.invoke(NativeMethodAccessorImpl.java:62)
at java.base/jdk.internal.reflect.DelegatingMethodAccessorImpl.invoke(DelegatingMethodAccessorImpl.java:43)
at java.base/java.lang.reflect.Method.invoke(Method.java:567)
at org.testng.internal.MethodInvocationHelper.invokeMethod(MethodInvocationHelper.java:124)
at org.testng.internal.Invoker.invokeMethod(Invoker.java:583)
at org.testng.internal.Invoker.invokeTestMethod(Invoker.java:719)
at org.testng.internal.Invoker.invokeTestMethods(Invoker.java:989)
at org.testng.internal.TestMethodWorker.invokeTestMethods(TestMethodWorker.java:125)
at org.testng.internal.TestMethodWorker.run(TestMethodWorker.java:109)
at org.testng.TestRunner.privateRun(TestRunner.java:648)
at org.testng.TestRunner.run(TestRunner.java:505)
at org.testng.SuiteRunner.runTest(SuiteRunner.java:455)
at org.testng.SuiteRunner.runSequentially(SuiteRunner.java:450)
at org.testng.SuiteRunner.privateRun(SuiteRunner.java:415)
at org.testng.SuiteRunner.run(SuiteRunner.java:364)
at org.testng.SuiteRunnerWorker.runSuite(SuiteRunnerWorker.java:52)
at org.testng.SuiteRunnerWorker.run(SuiteRunnerWorker.java:84)
at org.testng.TestNG.runSuitesSequentially(TestNG.java:1208)
at org.testng.TestNG.runSuitesLocally(TestNG.java:1137)
at org.testng.TestNG.runSuites(TestNG.java:1049)
at org.testng.TestNG.run(TestNG.java:1017)
at org.apache.maven.surefire.testng.TestNGExecutor.run(TestNGExecutor.java:283)
at org.apache.maven.surefire.testng.TestNGXmlTestSuite.execute(TestNGXmlTestSuite.java:75)
at org.apache.maven.surefire.testng.TestNGProvider.invoke(TestNGProvider.java:120)
at org.apache.maven.surefire.booter.ForkedBooter.invokeProviderInSameClassLoader(ForkedBooter.java:384)
at org.apache.maven.surefire.booter.ForkedBooter.runSuitesInProcess(ForkedBooter.java:345)
at org.apache.maven.surefire.booter.ForkedBooter.execute(ForkedBooter.java:126)
at org.apache.maven.surefire.booter.ForkedBooter.main(ForkedBooter.java:418)
]]>
    </failure>
  </testcase> <!-- isInfrastructureAnchorPresent -->
  <testcase classname="com.atmecs.testScripts.ValidateAnchors" name="isInfrastructureAnchorPresent" time="0.052"/>
  <testcase classname="com.atmecs.testScripts.ValidateAnchors" name="isInfrastructureAnchorPresent" time="0.831"/>
</testsuite> <!-- com.atmecs.testScripts.ValidateAnchors -->
