<?xml version="1.0" encoding="UTF-8"?>
<!-- Generated by org.testng.reporters.JUnitReportReporter -->
<testsuite hostname="ATMECSINLT-038" failures="0" tests="113" name="com.atmecs.testScripts.HomePagetestscripts" time="20.876" errors="0" timestamp="01 Oct 2019 06:04:12 GMT" skipped="0">
  <testcase classname="com.atmecs.testScripts.HomePagetestscripts" name="homePageRedirection" time="0.106"/>
  <testcase classname="com.atmecs.testScripts.HomePagetestscripts" name="clickHeaderServices" time="5.600"/>
  <testcase classname="com.atmecs.testScripts.HomePagetestscripts" name="validatefooterForServices" time="0.046"/>
  <testcase classname="com.atmecs.testScripts.HomePagetestscripts" name="validatefooterForServices" time="0.052"/>
  <testcase classname="com.atmecs.testScripts.HomePagetestscripts" name="validatefooterForServices" time="0.045"/>
  <testcase classname="com.atmecs.testScripts.HomePagetestscripts" name="validatefooterForServices" time="0.058"/>
  <testcase classname="com.atmecs.testScripts.HomePagetestscripts" name="validatefooterForServices" time="0.054"/>
  <testcase classname="com.atmecs.testScripts.HomePagetestscripts" name="validatefooterForServices" time="0.048"/>
  <testcase classname="com.atmecs.testScripts.HomePagetestscripts" name="validatefooterForServices" time="0.056"/>
  <testcase classname="com.atmecs.testScripts.HomePagetestscripts" name="validatefooterForServices" time="0.048"/>
  <testcase classname="com.atmecs.testScripts.HomePagetestscripts" name="validatefooterForServices" time="0.062"/>
  <testcase classname="com.atmecs.testScripts.HomePagetestscripts" name="validatefooterForServices" time="0.002"/>
  <testcase classname="com.atmecs.testScripts.HomePagetestscripts" name="validatefooterForServices" time="0.051"/>
  <testcase classname="com.atmecs.testScripts.HomePagetestscripts" name="validatefooterForServices" time="0.047"/>
  <testcase classname="com.atmecs.testScripts.HomePagetestscripts" name="validatefooterForServices" time="0.047"/>
  <testcase classname="com.atmecs.testScripts.HomePagetestscripts" name="validatefooterForServices" time="0.054"/>
  <testcase classname="com.atmecs.testScripts.HomePagetestscripts" name="validatefooterForServices" time="0.050"/>
  <testcase classname="com.atmecs.testScripts.HomePagetestscripts" name="clickHeaderCareers" time="2.594"/>
  <testcase classname="com.atmecs.testScripts.HomePagetestscripts" name="validatefooterForCareers" time="0.057"/>
  <testcase classname="com.atmecs.testScripts.HomePagetestscripts" name="validatefooterForCareers" time="0.061"/>
  <testcase classname="com.atmecs.testScripts.HomePagetestscripts" name="validatefooterForCareers" time="0.064"/>
  <testcase classname="com.atmecs.testScripts.HomePagetestscripts" name="validatefooterForCareers" time="0.054"/>
  <testcase classname="com.atmecs.testScripts.HomePagetestscripts" name="validatefooterForCareers" time="0.042"/>
  <testcase classname="com.atmecs.testScripts.HomePagetestscripts" name="validatefooterForCareers" time="0.052"/>
  <testcase classname="com.atmecs.testScripts.HomePagetestscripts" name="validatefooterForCareers" time="0.052"/>
  <testcase classname="com.atmecs.testScripts.HomePagetestscripts" name="validatefooterForCareers" time="0.049"/>
  <testcase classname="com.atmecs.testScripts.HomePagetestscripts" name="validatefooterForCareers" time="0.000"/>
  <testcase classname="com.atmecs.testScripts.HomePagetestscripts" name="validatefooterForCareers" time="0.076"/>
  <testcase classname="com.atmecs.testScripts.HomePagetestscripts" name="validatefooterForCareers" time="0.047"/>
  <testcase classname="com.atmecs.testScripts.HomePagetestscripts" name="validatefooterForCareers" time="0.045"/>
  <testcase classname="com.atmecs.testScripts.HomePagetestscripts" name="validatefooterForCareers" time="0.059"/>
  <testcase classname="com.atmecs.testScripts.HomePagetestscripts" name="validatefooterForCareers" time="0.056"/>
  <testcase classname="com.atmecs.testScripts.HomePagetestscripts" name="validatefooterForCareers" time="0.058"/>
  <testcase classname="com.atmecs.testScripts.HomePagetestscripts" name="clickHeaderAboutUs" time="2.265"/>
  <testcase classname="com.atmecs.testScripts.HomePagetestscripts" name="validatefooterForAboutUs" time="0.043"/>
  <testcase classname="com.atmecs.testScripts.HomePagetestscripts" name="validatefooterForAboutUs" time="0.043"/>
  <testcase classname="com.atmecs.testScripts.HomePagetestscripts" name="validatefooterForAboutUs" time="0.050"/>
  <testcase classname="com.atmecs.testScripts.HomePagetestscripts" name="validatefooterForAboutUs" time="0.052"/>
  <testcase classname="com.atmecs.testScripts.HomePagetestscripts" name="validatefooterForAboutUs" time="0.048"/>
  <testcase classname="com.atmecs.testScripts.HomePagetestscripts" name="validatefooterForAboutUs" time="0.046"/>
  <testcase classname="com.atmecs.testScripts.HomePagetestscripts" name="validatefooterForAboutUs" time="0.045"/>
  <testcase classname="com.atmecs.testScripts.HomePagetestscripts" name="validatefooterForAboutUs" time="0.049"/>
  <testcase classname="com.atmecs.testScripts.HomePagetestscripts" name="validatefooterForAboutUs" time="0.049"/>
  <testcase classname="com.atmecs.testScripts.HomePagetestscripts" name="validatefooterForAboutUs" time="0.044"/>
  <testcase classname="com.atmecs.testScripts.HomePagetestscripts" name="validatefooterForAboutUs" time="0.048"/>
  <testcase classname="com.atmecs.testScripts.HomePagetestscripts" name="validatefooterForAboutUs" time="0.044"/>
  <testcase classname="com.atmecs.testScripts.HomePagetestscripts" name="validatefooterForAboutUs" time="0.000"/>
  <testcase classname="com.atmecs.testScripts.HomePagetestscripts" name="validatefooterForAboutUs" time="0.050"/>
  <testcase classname="com.atmecs.testScripts.HomePagetestscripts" name="validatefooterForAboutUs" time="0.047"/>
  <testcase classname="com.atmecs.testScripts.HomePagetestscripts" name="clickHeaderPartners" time="3.023"/>
  <testcase classname="com.atmecs.testScripts.HomePagetestscripts" name="validatefooterForPartner" time="0.057"/>
  <testcase classname="com.atmecs.testScripts.HomePagetestscripts" name="validatefooterForPartner" time="0.001"/>
  <testcase classname="com.atmecs.testScripts.HomePagetestscripts" name="validatefooterForPartner" time="0.043"/>
  <testcase classname="com.atmecs.testScripts.HomePagetestscripts" name="validatefooterForPartner" time="0.050"/>
  <testcase classname="com.atmecs.testScripts.HomePagetestscripts" name="validatefooterForPartner" time="0.048"/>
  <testcase classname="com.atmecs.testScripts.HomePagetestscripts" name="validatefooterForPartner" time="0.081"/>
  <testcase classname="com.atmecs.testScripts.HomePagetestscripts" name="validatefooterForPartner" time="0.042"/>
  <testcase classname="com.atmecs.testScripts.HomePagetestscripts" name="validatefooterForPartner" time="0.050"/>
  <testcase classname="com.atmecs.testScripts.HomePagetestscripts" name="validatefooterForPartner" time="0.052"/>
  <testcase classname="com.atmecs.testScripts.HomePagetestscripts" name="validatefooterForPartner" time="0.045"/>
  <testcase classname="com.atmecs.testScripts.HomePagetestscripts" name="validatefooterForPartner" time="0.059"/>
  <testcase classname="com.atmecs.testScripts.HomePagetestscripts" name="validatefooterForPartner" time="0.066"/>
  <testcase classname="com.atmecs.testScripts.HomePagetestscripts" name="validatefooterForPartner" time="0.051"/>
  <testcase classname="com.atmecs.testScripts.HomePagetestscripts" name="validatefooterForPartner" time="0.060"/>
  <testcase classname="com.atmecs.testScripts.HomePagetestscripts" name="validatefooterForPartner" time="0.038"/>
  <testcase classname="com.atmecs.testScripts.HomePagetestscripts" name="clickHeaderMedia" time="0.078"/>
  <testcase classname="com.atmecs.testScripts.HomePagetestscripts" name="validatefooterForMedia" time="0.035"/>
  <testcase classname="com.atmecs.testScripts.HomePagetestscripts" name="validatefooterForMedia" time="0.028"/>
  <testcase classname="com.atmecs.testScripts.HomePagetestscripts" name="validatefooterForMedia" time="0.045"/>
  <testcase classname="com.atmecs.testScripts.HomePagetestscripts" name="validatefooterForMedia" time="0.000"/>
  <testcase classname="com.atmecs.testScripts.HomePagetestscripts" name="validatefooterForMedia" time="0.046"/>
  <testcase classname="com.atmecs.testScripts.HomePagetestscripts" name="validatefooterForMedia" time="0.030"/>
  <testcase classname="com.atmecs.testScripts.HomePagetestscripts" name="validatefooterForMedia" time="0.038"/>
  <testcase classname="com.atmecs.testScripts.HomePagetestscripts" name="validatefooterForMedia" time="0.041"/>
  <testcase classname="com.atmecs.testScripts.HomePagetestscripts" name="validatefooterForMedia" time="0.042"/>
  <testcase classname="com.atmecs.testScripts.HomePagetestscripts" name="validatefooterForMedia" time="0.031"/>
  <testcase classname="com.atmecs.testScripts.HomePagetestscripts" name="validatefooterForMedia" time="0.044"/>
  <testcase classname="com.atmecs.testScripts.HomePagetestscripts" name="validatefooterForMedia" time="0.027"/>
  <testcase classname="com.atmecs.testScripts.HomePagetestscripts" name="validatefooterForMedia" time="0.030"/>
  <testcase classname="com.atmecs.testScripts.HomePagetestscripts" name="validatefooterForMedia" time="0.051"/>
  <testcase classname="com.atmecs.testScripts.HomePagetestscripts" name="validatefooterForMedia" time="0.041"/>
  <testcase classname="com.atmecs.testScripts.HomePagetestscripts" name="clickContactUs" time="2.350"/>
  <testcase classname="com.atmecs.testScripts.HomePagetestscripts" name="validatefooterForContacts" time="0.054"/>
  <testcase classname="com.atmecs.testScripts.HomePagetestscripts" name="validatefooterForContacts" time="0.053"/>
  <testcase classname="com.atmecs.testScripts.HomePagetestscripts" name="validatefooterForContacts" time="0.052"/>
  <testcase classname="com.atmecs.testScripts.HomePagetestscripts" name="validatefooterForContacts" time="0.067"/>
  <testcase classname="com.atmecs.testScripts.HomePagetestscripts" name="validatefooterForContacts" time="0.048"/>
  <testcase classname="com.atmecs.testScripts.HomePagetestscripts" name="validatefooterForContacts" time="0.047"/>
  <testcase classname="com.atmecs.testScripts.HomePagetestscripts" name="validatefooterForContacts" time="0.001"/>
  <testcase classname="com.atmecs.testScripts.HomePagetestscripts" name="validatefooterForContacts" time="0.059"/>
  <testcase classname="com.atmecs.testScripts.HomePagetestscripts" name="validatefooterForContacts" time="0.051"/>
  <testcase classname="com.atmecs.testScripts.HomePagetestscripts" name="validatefooterForContacts" time="0.054"/>
  <testcase classname="com.atmecs.testScripts.HomePagetestscripts" name="validatefooterForContacts" time="0.051"/>
  <testcase classname="com.atmecs.testScripts.HomePagetestscripts" name="validatefooterForContacts" time="0.098"/>
  <testcase classname="com.atmecs.testScripts.HomePagetestscripts" name="validatefooterForContacts" time="0.047"/>
  <testcase classname="com.atmecs.testScripts.HomePagetestscripts" name="validatefooterForContacts" time="0.052"/>
  <testcase classname="com.atmecs.testScripts.HomePagetestscripts" name="validatefooterForContacts" time="0.050"/>
  <testcase classname="com.atmecs.testScripts.HomePagetestscripts" name="clickInsights" time="0.101"/>
  <testcase classname="com.atmecs.testScripts.HomePagetestscripts" name="validatefooterForInsights" time="0.031"/>
  <testcase classname="com.atmecs.testScripts.HomePagetestscripts" name="validatefooterForInsights" time="0.043"/>
  <testcase classname="com.atmecs.testScripts.HomePagetestscripts" name="validatefooterForInsights" time="0.032"/>
  <testcase classname="com.atmecs.testScripts.HomePagetestscripts" name="validatefooterForInsights" time="0.041"/>
  <testcase classname="com.atmecs.testScripts.HomePagetestscripts" name="validatefooterForInsights" time="0.038"/>
  <testcase classname="com.atmecs.testScripts.HomePagetestscripts" name="validatefooterForInsights" time="0.041"/>
  <testcase classname="com.atmecs.testScripts.HomePagetestscripts" name="validatefooterForInsights" time="0.043"/>
  <testcase classname="com.atmecs.testScripts.HomePagetestscripts" name="validatefooterForInsights" time="0.029"/>
  <testcase classname="com.atmecs.testScripts.HomePagetestscripts" name="validatefooterForInsights" time="0.043"/>
  <testcase classname="com.atmecs.testScripts.HomePagetestscripts" name="validatefooterForInsights" time="0.046"/>
  <testcase classname="com.atmecs.testScripts.HomePagetestscripts" name="validatefooterForInsights" time="0.000"/>
  <testcase classname="com.atmecs.testScripts.HomePagetestscripts" name="validatefooterForInsights" time="0.055"/>
  <testcase classname="com.atmecs.testScripts.HomePagetestscripts" name="validatefooterForInsights" time="0.044"/>
  <testcase classname="com.atmecs.testScripts.HomePagetestscripts" name="validatefooterForInsights" time="0.026"/>
  <testcase classname="com.atmecs.testScripts.HomePagetestscripts" name="validatefooterForInsights" time="0.041"/>
</testsuite> <!-- com.atmecs.testScripts.HomePagetestscripts -->
